<?xml version="1.0" encoding="UTF-8"?>
<!-- Generated by org.testng.reporters.JUnitReportReporter -->
<testsuite hostname="LAPTOP-S9NJEJJB" failures="0" tests="1" name="Testng.NewTest" time="6.288" errors="0" timestamp="2021-05-19T18:35:19 IST" skipped="0">
  <testcase classname="Testng.NewTest" name="f" time="6.288"/>
  <system-out/>
</testsuite> <!-- Testng.NewTest -->
