<?xml version="1.0" encoding="UTF-8"?>
<!-- Generated by org.testng.reporters.JUnitReportReporter -->
<testsuite hostname="LAPTOP-S9NJEJJB" failures="0" tests="1" name="Testng.HeroInternetTest" time="13.270" errors="0" timestamp="2021-06-07T12:48:07 IST" skipped="0">
  <testcase classname="Testng.HeroInternetTest" name="Test" time="13.270"/>
  <system-out/>
</testsuite> <!-- Testng.HeroInternetTest -->
